Building DAG of jobs...
Using shell: /usr/bin/bash
Provided cores: 1 (use --cores to define parallelism)
Rules claiming more threads will be scaled down.
Job stats:
job                    count    min threads    max threads
-------------------  -------  -------------  -------------
all                        1              1              1
list_subdirectories        1              1              1
total                      2              1              1

Select jobs to execute...

[Fri May 19 15:50:11 2023]
rule list_subdirectories:
    output: subdirectories.txt
    jobid: 1
    reason: Missing output files: subdirectories.txt
    resources: tmpdir=/tmp

Shutting down, this might take some time.
Exiting because a job execution failed. Look above for error message
Complete log: .snakemake/log/2023-05-19T155010.962475.snakemake.log
